2019-01-03 00:07:36,616 INFO org.springframework.boot.StartupInfoLogger [main] Starting Swagger2SpringBoot on TECPLAP007847 with PID 6624 (started by Maurice.Saliba in C:\Users\maurice.saliba\Documents\Personal\CODE CHALLENGE\repo)
2019-01-03 00:07:36,616 INFO org.springframework.boot.SpringApplication [main] No active profile set, falling back to default profiles: default
2019-01-03 00:07:37,779 INFO org.springframework.data.repository.config.RepositoryConfigurationDelegate [main] Bootstrapping Spring Data repositories in DEFAULT mode.
2019-01-03 00:07:37,872 INFO org.springframework.data.repository.config.RepositoryConfigurationDelegate [main] Finished Spring Data repository scanning in 78ms. Found 1 repository interfaces.
2019-01-03 00:07:38,231 INFO org.springframework.context.support.PostProcessorRegistrationDelegate$BeanPostProcessorChecker [main] Bean 'org.springframework.transaction.annotation.ProxyTransactionManagementConfiguration' of type [org.springframework.transaction.annotation.ProxyTransactionManagementConfiguration$$EnhancerBySpringCGLIB$$cc2bf848] is not eligible for getting processed by all BeanPostProcessors (for example: not eligible for auto-proxying)
2019-01-03 00:07:38,325 INFO org.springframework.context.support.PostProcessorRegistrationDelegate$BeanPostProcessorChecker [main] Bean 'org.springframework.hateoas.config.HateoasConfiguration' of type [org.springframework.hateoas.config.HateoasConfiguration$$EnhancerBySpringCGLIB$$4bac457a] is not eligible for getting processed by all BeanPostProcessors (for example: not eligible for auto-proxying)
2019-01-03 00:07:38,842 INFO org.springframework.boot.web.embedded.tomcat.TomcatWebServer [main] Tomcat initialized with port(s): 8080 (http)
2019-01-03 00:07:38,854 INFO org.apache.juli.logging.DirectJDKLog [main] Initializing ProtocolHandler ["http-nio-8080"]
2019-01-03 00:07:38,870 INFO org.apache.juli.logging.DirectJDKLog [main] Starting service [Tomcat]
2019-01-03 00:07:38,870 INFO org.apache.juli.logging.DirectJDKLog [main] Starting Servlet Engine: Apache Tomcat/9.0.13
2019-01-03 00:07:38,870 INFO org.apache.juli.logging.DirectJDKLog [main] The APR based Apache Tomcat Native library which allows optimal performance in production environments was not found on the java.library.path: [C:\Program Files\Java\jre1.8.0_144\bin;C:\Windows\Sun\Java\bin;C:\Windows\system32;C:\Windows;C:/Program Files/Java/jre1.8.0_144/bin/server;C:/Program Files/Java/jre1.8.0_144/bin;C:/Program Files/Java/jre1.8.0_144/lib/amd64;C:\ProgramData\Oracle\Java\javapath;C:\Oracle\Client32\product\12.1.0\client_1\bin;C:\Oracle\Client64\product\12.1.0\client_1\bin;C:\Windows\system32;C:\Windows;C:\Windows\System32\Wbem;C:\Windows\System32\WindowsPowerShell\v1.0\;C:\Program Files\Git\cmd;C:\Program Files\PuTTY\;C:\Program Files\Maven\apache-maven-3.5.0\bin;%SPARK_HOME%\bin;C:\Program Files\MiKTeX 2.9\miktex\bin\x64\;C:\Users\maurice.saliba\AppData\Local\Programs\Python\Python36\Scripts;C:\Users\maurice.saliba\AppData\Local\Programs\Python\Python36;C:\Program Files\Intel\WiFi\bin\;C:\Program Files\Common Files\Intel\WirelessCommon\;C:\Program Files\TortoiseGit\bin;C:\Users\maurice.saliba\AppData\Local\Microsoft\WindowsApps;C:\Users\maurice.saliba\AppData\Roaming\MiKTeX\2.9\miktex\bin\x64\;C:\Users\maurice.saliba\AppData\Local\Programs\Python\Python36\Scripts;C:\Users\maurice.saliba\AppData\Local\Programs\Python\Python36;C:\Program Files\Intel\WiFi\bin\;C:\Program Files\Common Files\Intel\WirelessCommon\;C:\Program Files\Eclipse\sts-bundle\sts-3.9.0.RELEASE;;.]
2019-01-03 00:07:39,020 INFO org.apache.juli.logging.DirectJDKLog [main] Initializing Spring embedded WebApplicationContext
2019-01-03 00:07:39,020 INFO org.springframework.boot.web.servlet.context.ServletWebServerApplicationContext [main] Root WebApplicationContext: initialization completed in 2339 ms
2019-01-03 00:07:39,280 INFO com.zaxxer.hikari.HikariDataSource [main] HikariPool-1 - Starting...
2019-01-03 00:07:39,483 INFO com.zaxxer.hikari.HikariDataSource [main] HikariPool-1 - Start completed.
2019-01-03 00:07:39,566 INFO org.hibernate.jpa.internal.util.LogHelper [main] HHH000204: Processing PersistenceUnitInfo [
	name: default
	...]
2019-01-03 00:07:39,670 INFO org.hibernate.Version [main] HHH000412: Hibernate Core {5.3.7.Final}
2019-01-03 00:07:39,671 INFO org.hibernate.cfg.Environment [main] HHH000206: hibernate.properties not found
2019-01-03 00:07:39,842 INFO org.hibernate.annotations.common.reflection.java.JavaReflectionManager [main] HCANN000001: Hibernate Commons Annotations {5.0.4.Final}
2019-01-03 00:07:40,014 INFO org.hibernate.dialect.Dialect [main] HHH000400: Using dialect: org.hibernate.dialect.H2Dialect
2019-01-03 00:07:40,658 INFO org.hibernate.tool.schema.internal.SchemaCreatorImpl [main] HHH000476: Executing import script 'org.hibernate.tool.schema.internal.exec.ScriptSourceInputNonExistentImpl@7103745'
2019-01-03 00:07:40,661 INFO org.springframework.orm.jpa.AbstractEntityManagerFactoryBean [main] Initialized JPA EntityManagerFactory for persistence unit 'default'
2019-01-03 00:07:41,763 WARN org.springframework.boot.autoconfigure.orm.jpa.JpaBaseConfiguration$JpaWebConfiguration$JpaWebMvcConfiguration [main] spring.jpa.open-in-view is enabled by default. Therefore, database queries may be performed during view rendering. Explicitly configure spring.jpa.open-in-view to disable this warning
2019-01-03 00:07:42,264 INFO springfox.documentation.spring.web.PropertySourcedRequestMappingHandlerMapping [main] Mapped URL path [/v2/api-docs] onto method [public org.springframework.http.ResponseEntity<springfox.documentation.spring.web.json.Json> springfox.documentation.swagger2.web.Swagger2Controller.getDocumentation(java.lang.String,javax.servlet.http.HttpServletRequest)]
2019-01-03 00:07:42,517 INFO org.springframework.scheduling.concurrent.ExecutorConfigurationSupport [main] Initializing ExecutorService 'applicationTaskExecutor'
2019-01-03 00:07:42,986 INFO springfox.documentation.spring.web.plugins.DocumentationPluginsBootstrapper [main] Context refreshed
2019-01-03 00:07:43,019 INFO springfox.documentation.spring.web.plugins.DocumentationPluginsBootstrapper [main] Found 1 custom documentation plugin(s)
2019-01-03 00:07:43,081 INFO springfox.documentation.spring.web.scanners.ApiListingReferenceScanner [main] Scanning for api listing references
2019-01-03 00:07:43,535 INFO org.apache.juli.logging.DirectJDKLog [main] Starting ProtocolHandler ["http-nio-8080"]
2019-01-03 00:07:43,550 INFO org.apache.juli.logging.DirectJDKLog [main] Using a shared selector for servlet write/read
2019-01-03 00:07:43,566 INFO org.springframework.boot.web.embedded.tomcat.TomcatWebServer [main] Tomcat started on port(s): 8080 (http) with context path '/api'
2019-01-03 00:07:43,566 INFO org.springframework.boot.StartupInfoLogger [main] Started Swagger2SpringBoot in 7.42 seconds (JVM running for 10.162)
2019-01-03 00:08:03,262 INFO org.apache.juli.logging.DirectJDKLog [http-nio-8080-exec-1] Initializing Spring DispatcherServlet 'dispatcherServlet'
2019-01-03 00:08:03,263 INFO org.springframework.web.servlet.FrameworkServlet [http-nio-8080-exec-1] Initializing Servlet 'dispatcherServlet'
2019-01-03 00:08:03,300 INFO org.springframework.web.servlet.FrameworkServlet [http-nio-8080-exec-1] Completed initialization in 36 ms
2019-01-03 00:08:03,355 INFO io.code.challenge.logging.LoggingAspect [http-nio-8080-exec-1]  Executing: execution(List io.code.challenge.service.MobileSubscriberServiceImpl.retrieveMobileSubscribers())
2019-01-03 00:08:03,451 INFO org.hibernate.hql.internal.QueryTranslatorFactoryInitiator [http-nio-8080-exec-1] HHH000397: Using ASTQueryTranslatorFactory
2019-01-03 00:08:03,568 INFO io.code.challenge.logging.LoggingAspect [http-nio-8080-exec-1] execution(List io.code.challenge.service.MobileSubscriberServiceImpl.retrieveMobileSubscribers()) returned with value []
2019-01-03 00:08:03,569 INFO io.code.challenge.api.DefaultApiController [http-nio-8080-exec-1] Sucessfully returned list of mobile subscribers [count: 0]
2019-01-03 00:09:08,145 INFO io.code.challenge.logging.LoggingAspect [http-nio-8080-exec-5]  Executing: execution(void io.code.challenge.service.MobileSubscriberServiceImpl.saveMobileSubscriber(MobileSubscriber))
2019-01-03 00:09:08,206 INFO io.code.challenge.logging.LoggingAspect [http-nio-8080-exec-5] execution(void io.code.challenge.service.MobileSubscriberServiceImpl.saveMobileSubscriber(MobileSubscriber)) returned with value null
2019-01-03 00:09:08,206 INFO io.code.challenge.api.DefaultApiController [http-nio-8080-exec-5] Sucessfully created: class MobileSubscriber {
    id: 23458
    msisdn: 3561234912
    customerIdOwner: 123456
    customerIdUser: 123456
    serviceType: MOBILE_PREPAID
    serviceStartDate: 1528208058557
}
2019-01-03 00:09:39,518 INFO io.code.challenge.logging.LoggingAspect [http-nio-8080-exec-6]  Executing: execution(List io.code.challenge.service.MobileSubscriberServiceImpl.retrieveMobileSubscribers())
2019-01-03 00:09:39,525 INFO io.code.challenge.logging.LoggingAspect [http-nio-8080-exec-6] execution(List io.code.challenge.service.MobileSubscriberServiceImpl.retrieveMobileSubscribers()) returned with value [class MobileSubscriber {
    id: 23458
    msisdn: 3561234912
    customerIdOwner: 123456
    customerIdUser: 123456
    serviceType: MOBILE_PREPAID
    serviceStartDate: 1528208058557
}]
2019-01-03 00:09:39,533 INFO io.code.challenge.api.DefaultApiController [http-nio-8080-exec-6] Sucessfully returned list of mobile subscribers [count: 1]
2019-01-03 00:14:02,973 INFO org.springframework.boot.admin.SpringApplicationAdminMXBeanRegistrar$SpringApplicationAdmin [RMI TCP Connection(14)-127.0.0.1] Application shutdown requested.
2019-01-03 00:14:02,984 INFO org.springframework.scheduling.concurrent.ExecutorConfigurationSupport [RMI TCP Connection(14)-127.0.0.1] Shutting down ExecutorService 'applicationTaskExecutor'
2019-01-03 00:14:02,984 INFO org.springframework.orm.jpa.AbstractEntityManagerFactoryBean [RMI TCP Connection(14)-127.0.0.1] Closing JPA EntityManagerFactory for persistence unit 'default'
2019-01-03 00:14:02,984 INFO org.hibernate.tool.schema.internal.SchemaDropperImpl$DelayedDropActionImpl [RMI TCP Connection(14)-127.0.0.1] HHH000477: Starting delayed evictData of schema as part of SessionFactory shut-down'
2019-01-03 00:14:03,004 INFO com.zaxxer.hikari.HikariDataSource [RMI TCP Connection(14)-127.0.0.1] HikariPool-1 - Shutdown initiated...
2019-01-03 00:14:03,013 INFO com.zaxxer.hikari.HikariDataSource [RMI TCP Connection(14)-127.0.0.1] HikariPool-1 - Shutdown completed.
